<?xml version="1.0" encoding="UTF-8"?>
<!-- Generated by org.testng.reporters.JUnitXMLReporter -->
<testsuite hostname="DESKTOP-GCBDM4J" name="Test" tests="5" failures="0" timestamp="23 Jun 2019 16:12:04 GMT" time="23.368" errors="0">
  <testcase name="Test4" time="14.013" classname="a.Testcases"/>
  <testcase name="Test2" time="14.913" classname="a.Testcases"/>
  <testcase name="Test1" time="16.536" classname="a.Testcases"/>
  <testcase name="Test5" time="21.789" classname="a.Testcases"/>
  <testcase name="Test3" time="23.342" classname="a.Testcases"/>
</testsuite> <!-- Test -->
